{"total": {"lines":{"total":1663,"covered":1583,"skipped":0,"pct":95.18},"statements":{"total":1663,"covered":1583,"skipped":0,"pct":95.18},"functions":{"total":76,"covered":73,"skipped":0,"pct":96.05},"branches":{"total":220,"covered":200,"skipped":0,"pct":90.9},"branchesTrue":{"total":0,"covered":0,"skipped":0,"pct":100}}
,"C:\\Users\\ksh03196\\windowWorkSpace\\3-sprint-mission3\\3-sprint-mission\\src\\app.ts": {"lines":{"total":32,"covered":32,"skipped":0,"pct":100},"functions":{"total":0,"covered":0,"skipped":0,"pct":100},"statements":{"total":32,"covered":32,"skipped":0,"pct":100},"branches":{"total":0,"covered":0,"skipped":0,"pct":100}}
,"C:\\Users\\ksh03196\\windowWorkSpace\\3-sprint-mission3\\3-sprint-mission\\src\\controllers\\articleController.ts": {"lines":{"total":122,"covered":120,"skipped":0,"pct":98.36},"functions":{"total":7,"covered":7,"skipped":0,"pct":100},"statements":{"total":122,"covered":120,"skipped":0,"pct":98.36},"branches":{"total":21,"covered":19,"skipped":0,"pct":90.47}}
,"C:\\Users\\ksh03196\\windowWorkSpace\\3-sprint-mission3\\3-sprint-mission\\src\\controllers\\productController.ts": {"lines":{"total":130,"covered":128,"skipped":0,"pct":98.46},"functions":{"total":7,"covered":7,"skipped":0,"pct":100},"statements":{"total":130,"covered":128,"skipped":0,"pct":98.46},"branches":{"total":22,"covered":20,"skipped":0,"pct":90.9}}
,"C:\\Users\\ksh03196\\windowWorkSpace\\3-sprint-mission3\\3-sprint-mission\\src\\controllers\\userController.ts": {"lines":{"total":136,"covered":113,"skipped":0,"pct":83.08},"functions":{"total":7,"covered":6,"skipped":0,"pct":85.71},"statements":{"total":136,"covered":113,"skipped":0,"pct":83.08},"branches":{"total":17,"covered":15,"skipped":0,"pct":88.23}}
,"C:\\Users\\ksh03196\\windowWorkSpace\\3-sprint-mission3\\3-sprint-mission\\src\\lib\\prisma.ts": {"lines":{"total":9,"covered":9,"skipped":0,"pct":100},"functions":{"total":0,"covered":0,"skipped":0,"pct":100},"statements":{"total":9,"covered":9,"skipped":0,"pct":100},"branches":{"total":0,"covered":0,"skipped":0,"pct":100}}
,"C:\\Users\\ksh03196\\windowWorkSpace\\3-sprint-mission3\\3-sprint-mission\\src\\middlewares\\validationMiddleware.ts": {"lines":{"total":181,"covered":172,"skipped":0,"pct":95.02},"functions":{"total":1,"covered":1,"skipped":0,"pct":100},"statements":{"total":181,"covered":172,"skipped":0,"pct":95.02},"branches":{"total":11,"covered":7,"skipped":0,"pct":63.63}}
,"C:\\Users\\ksh03196\\windowWorkSpace\\3-sprint-mission3\\3-sprint-mission\\src\\repositories\\articleRepository.ts": {"lines":{"total":139,"covered":139,"skipped":0,"pct":100},"functions":{"total":9,"covered":9,"skipped":0,"pct":100},"statements":{"total":139,"covered":139,"skipped":0,"pct":100},"branches":{"total":18,"covered":18,"skipped":0,"pct":100}}
,"C:\\Users\\ksh03196\\windowWorkSpace\\3-sprint-mission3\\3-sprint-mission\\src\\repositories\\productRepository.ts": {"lines":{"total":151,"covered":151,"skipped":0,"pct":100},"functions":{"total":11,"covered":11,"skipped":0,"pct":100},"statements":{"total":151,"covered":151,"skipped":0,"pct":100},"branches":{"total":25,"covered":23,"skipped":0,"pct":92}}
,"C:\\Users\\ksh03196\\windowWorkSpace\\3-sprint-mission3\\3-sprint-mission\\src\\repositories\\userRepository.ts": {"lines":{"total":100,"covered":90,"skipped":0,"pct":90},"functions":{"total":8,"covered":7,"skipped":0,"pct":87.5},"statements":{"total":100,"covered":90,"skipped":0,"pct":90},"branches":{"total":14,"covered":14,"skipped":0,"pct":100}}
,"C:\\Users\\ksh03196\\windowWorkSpace\\3-sprint-mission3\\3-sprint-mission\\src\\routes\\articleRouter.ts": {"lines":{"total":75,"covered":75,"skipped":0,"pct":100},"functions":{"total":0,"covered":0,"skipped":0,"pct":100},"statements":{"total":75,"covered":75,"skipped":0,"pct":100},"branches":{"total":0,"covered":0,"skipped":0,"pct":100}}
,"C:\\Users\\ksh03196\\windowWorkSpace\\3-sprint-mission3\\3-sprint-mission\\src\\routes\\productRouter.ts": {"lines":{"total":67,"covered":67,"skipped":0,"pct":100},"functions":{"total":0,"covered":0,"skipped":0,"pct":100},"statements":{"total":67,"covered":67,"skipped":0,"pct":100},"branches":{"total":0,"covered":0,"skipped":0,"pct":100}}
,"C:\\Users\\ksh03196\\windowWorkSpace\\3-sprint-mission3\\3-sprint-mission\\src\\routes\\userRouter.ts": {"lines":{"total":68,"covered":68,"skipped":0,"pct":100},"functions":{"total":0,"covered":0,"skipped":0,"pct":100},"statements":{"total":68,"covered":68,"skipped":0,"pct":100},"branches":{"total":0,"covered":0,"skipped":0,"pct":100}}
,"C:\\Users\\ksh03196\\windowWorkSpace\\3-sprint-mission3\\3-sprint-mission\\src\\services\\articleService.ts": {"lines":{"total":86,"covered":86,"skipped":0,"pct":100},"functions":{"total":7,"covered":7,"skipped":0,"pct":100},"statements":{"total":86,"covered":86,"skipped":0,"pct":100},"branches":{"total":23,"covered":23,"skipped":0,"pct":100}}
,"C:\\Users\\ksh03196\\windowWorkSpace\\3-sprint-mission3\\3-sprint-mission\\src\\services\\productService.ts": {"lines":{"total":121,"covered":121,"skipped":0,"pct":100},"functions":{"total":7,"covered":7,"skipped":0,"pct":100},"statements":{"total":121,"covered":121,"skipped":0,"pct":100},"branches":{"total":26,"covered":26,"skipped":0,"pct":100}}
,"C:\\Users\\ksh03196\\windowWorkSpace\\3-sprint-mission3\\3-sprint-mission\\src\\services\\realtimeNotificationService.ts": {"lines":{"total":21,"covered":19,"skipped":0,"pct":90.47},"functions":{"total":1,"covered":1,"skipped":0,"pct":100},"statements":{"total":21,"covered":19,"skipped":0,"pct":90.47},"branches":{"total":3,"covered":2,"skipped":0,"pct":66.66}}
,"C:\\Users\\ksh03196\\windowWorkSpace\\3-sprint-mission3\\3-sprint-mission\\src\\services\\userService.ts": {"lines":{"total":145,"covered":116,"skipped":0,"pct":80},"functions":{"total":7,"covered":6,"skipped":0,"pct":85.71},"statements":{"total":145,"covered":116,"skipped":0,"pct":80},"branches":{"total":27,"covered":22,"skipped":0,"pct":81.48}}
,"C:\\Users\\ksh03196\\windowWorkSpace\\3-sprint-mission3\\3-sprint-mission\\src\\utils\\asyncHandler.ts": {"lines":{"total":16,"covered":16,"skipped":0,"pct":100},"functions":{"total":1,"covered":1,"skipped":0,"pct":100},"statements":{"total":16,"covered":16,"skipped":0,"pct":100},"branches":{"total":5,"covered":5,"skipped":0,"pct":100}}
,"C:\\Users\\ksh03196\\windowWorkSpace\\3-sprint-mission3\\3-sprint-mission\\src\\utils\\jwt.ts": {"lines":{"total":22,"covered":20,"skipped":0,"pct":90.9},"functions":{"total":1,"covered":1,"skipped":0,"pct":100},"statements":{"total":22,"covered":20,"skipped":0,"pct":90.9},"branches":{"total":3,"covered":2,"skipped":0,"pct":66.66}}
,"C:\\Users\\ksh03196\\windowWorkSpace\\3-sprint-mission3\\3-sprint-mission\\src\\utils\\responseHelpers.ts": {"lines":{"total":42,"covered":41,"skipped":0,"pct":97.61},"functions":{"total":2,"covered":2,"skipped":0,"pct":100},"statements":{"total":42,"covered":41,"skipped":0,"pct":97.61},"branches":{"total":5,"covered":4,"skipped":0,"pct":80}}
}
