TN:
SF:src\app.ts
FNF:0
FNH:0
DA:1,1
DA:2,1
DA:3,1
DA:4,1
DA:5,1
DA:6,1
DA:7,1
DA:8,1
DA:9,1
DA:10,1
DA:11,1
DA:12,1
DA:13,1
DA:14,1
DA:15,1
DA:16,1
DA:17,1
DA:18,1
DA:19,1
DA:20,1
DA:21,1
DA:22,1
DA:23,1
DA:24,1
DA:25,1
DA:26,1
DA:27,1
DA:28,1
DA:29,1
DA:30,1
DA:31,1
DA:32,1
LF:32
LH:32
BRF:0
BRH:0
end_of_record
TN:
SF:src\controllers\articleController.ts
FN:15,getAllArticles
FN:28,createArticleController
FN:46,getArticleById
FN:62,updateArticleController
FN:84,deleteArticleController
FN:98,toggleArticleLikeController
FN:111,getLikedArticle
FNF:7
FNH:7
FNDA:3,getAllArticles
FNDA:1,createArticleController
FNDA:3,getArticleById
FNDA:3,updateArticleController
FNDA:1,deleteArticleController
FNDA:2,toggleArticleLikeController
FNDA:2,getLikedArticle
DA:1,1
DA:2,1
DA:3,1
DA:4,1
DA:5,1
DA:6,1
DA:7,1
DA:8,1
DA:9,1
DA:10,1
DA:11,1
DA:12,1
DA:13,1
DA:14,1
DA:15,1
DA:16,3
DA:17,3
DA:18,3
DA:19,3
DA:20,3
DA:21,3
DA:22,3
DA:23,3
DA:24,3
DA:25,3
DA:26,1
DA:27,1
DA:28,1
DA:29,1
DA:30,1
DA:31,1
DA:32,1
DA:33,1
DA:34,1
DA:35,1
DA:36,1
DA:37,1
DA:38,1
DA:39,1
DA:40,1
DA:41,1
DA:42,1
DA:43,1
DA:44,1
DA:45,1
DA:46,1
DA:47,3
DA:48,3
DA:49,3
DA:50,3
DA:51,3
DA:52,3
DA:53,3
DA:54,2
DA:55,2
DA:56,2
DA:57,2
DA:58,2
DA:59,2
DA:60,1
DA:61,1
DA:62,1
DA:63,3
DA:64,3
DA:65,3
DA:66,3
DA:67,3
DA:68,3
DA:69,3
DA:70,3
DA:71,3
DA:72,0
DA:73,0
DA:74,3
DA:75,3
DA:76,1
DA:77,1
DA:78,1
DA:79,1
DA:80,1
DA:81,1
DA:82,1
DA:83,1
DA:84,1
DA:85,1
DA:86,1
DA:87,1
DA:88,1
DA:89,1
DA:90,1
DA:91,1
DA:92,1
DA:93,1
DA:94,1
DA:95,1
DA:96,1
DA:97,1
DA:98,1
DA:99,2
DA:100,2
DA:101,2
DA:102,2
DA:103,2
DA:104,2
DA:105,2
DA:106,2
DA:107,2
DA:108,2
DA:109,1
DA:110,1
DA:111,1
DA:112,2
DA:113,2
DA:114,2
DA:115,2
DA:116,2
DA:117,2
DA:118,1
DA:119,1
DA:120,1
DA:121,1
DA:122,1
LF:122
LH:120
BRDA:15,0,0,3
BRDA:19,1,0,3
BRDA:28,2,0,1
BRDA:32,3,0,1
BRDA:35,4,0,0
BRDA:46,5,0,3
BRDA:50,6,0,3
BRDA:52,7,0,2
BRDA:52,8,0,1
BRDA:54,9,0,2
BRDA:62,10,0,3
BRDA:66,11,0,3
BRDA:71,12,0,0
BRDA:76,13,0,1
BRDA:84,14,0,1
BRDA:88,15,0,1
BRDA:98,16,0,2
BRDA:102,17,0,2
BRDA:111,18,0,2
BRDA:115,19,0,2
BRDA:118,20,0,1
BRF:21
BRH:19
end_of_record
TN:
SF:src\controllers\productController.ts
FN:19,getAllProducts
FN:32,createProductController
FN:58,getProductById
FN:74,updateProductController
FN:95,deleteProductController
FN:108,toggleProductLikeController
FN:120,getLikedProduct
FNF:7
FNH:7
FNDA:3,getAllProducts
FNDA:1,createProductController
FNDA:3,getProductById
FNDA:2,updateProductController
FNDA:2,deleteProductController
FNDA:2,toggleProductLikeController
FNDA:2,getLikedProduct
DA:1,1
DA:2,1
DA:3,1
DA:4,1
DA:5,1
DA:6,1
DA:7,1
DA:8,1
DA:9,1
DA:10,1
DA:11,1
DA:12,1
DA:13,1
DA:14,1
DA:15,1
DA:16,1
DA:17,1
DA:18,1
DA:19,1
DA:20,3
DA:21,3
DA:22,3
DA:23,3
DA:24,3
DA:25,3
DA:26,3
DA:27,3
DA:28,3
DA:29,3
DA:30,1
DA:31,1
DA:32,1
DA:33,1
DA:34,1
DA:35,1
DA:36,1
DA:37,1
DA:38,1
DA:39,1
DA:40,1
DA:41,1
DA:42,1
DA:43,1
DA:44,1
DA:45,1
DA:46,1
DA:47,1
DA:48,1
DA:49,1
DA:50,1
DA:51,1
DA:52,1
DA:53,1
DA:54,1
DA:55,1
DA:56,1
DA:57,1
DA:58,1
DA:59,3
DA:60,3
DA:61,3
DA:62,3
DA:63,3
DA:64,3
DA:65,3
DA:66,3
DA:67,2
DA:68,2
DA:69,2
DA:70,2
DA:71,2
DA:72,1
DA:73,1
DA:74,1
DA:75,2
DA:76,2
DA:77,2
DA:78,2
DA:79,2
DA:80,2
DA:81,2
DA:82,2
DA:83,2
DA:84,0
DA:85,0
DA:86,2
DA:87,2
DA:88,1
DA:89,1
DA:90,1
DA:91,1
DA:92,1
DA:93,1
DA:94,1
DA:95,1
DA:96,2
DA:97,2
DA:98,2
DA:99,2
DA:100,2
DA:101,2
DA:102,2
DA:103,2
DA:104,1
DA:105,1
DA:106,1
DA:107,1
DA:108,1
DA:109,2
DA:110,2
DA:111,2
DA:112,2
DA:113,2
DA:114,2
DA:115,2
DA:116,2
DA:117,2
DA:118,1
DA:119,1
DA:120,1
DA:121,2
DA:122,2
DA:123,2
DA:124,2
DA:125,2
DA:126,1
DA:127,1
DA:128,1
DA:129,1
DA:130,1
LF:130
LH:128
BRDA:19,0,0,3
BRDA:23,1,0,3
BRDA:32,2,0,1
BRDA:35,3,0,1
BRDA:36,4,0,0
BRDA:58,5,0,3
BRDA:62,6,0,3
BRDA:64,7,0,2
BRDA:64,8,0,1
BRDA:67,9,0,2
BRDA:74,10,0,2
BRDA:78,11,0,2
BRDA:83,12,0,0
BRDA:88,13,0,1
BRDA:95,14,0,2
BRDA:99,15,0,2
BRDA:104,16,0,1
BRDA:108,17,0,2
BRDA:112,18,0,2
BRDA:120,19,0,2
BRDA:123,20,0,2
BRDA:126,21,0,1
BRF:22
BRH:20
end_of_record
TN:
SF:src\controllers\userController.ts
FN:18,registerUser
FN:33,login
FN:55,logout
FN:73,refreshToken
FN:96,getMe
FN:109,updateMe
FN:128,deleteMe
FNF:7
FNH:6
FNDA:3,registerUser
FNDA:10,login
FNDA:1,logout
FNDA:0,refreshToken
FNDA:2,getMe
FNDA:2,updateMe
FNDA:1,deleteMe
DA:1,1
DA:2,1
DA:3,1
DA:4,1
DA:5,1
DA:6,1
DA:7,1
DA:8,1
DA:9,1
DA:10,1
DA:11,1
DA:12,1
DA:13,1
DA:14,1
DA:15,1
DA:16,1
DA:17,1
DA:18,1
DA:19,3
DA:20,3
DA:21,3
DA:22,3
DA:23,3
DA:24,3
DA:25,3
DA:26,3
DA:27,1
DA:28,1
DA:29,1
DA:30,1
DA:31,1
DA:32,1
DA:33,1
DA:34,10
DA:35,10
DA:36,10
DA:37,10
DA:38,10
DA:39,10
DA:40,10
DA:41,10
DA:42,10
DA:43,10
DA:44,10
DA:45,10
DA:46,10
DA:47,10
DA:48,10
DA:49,10
DA:50,10
DA:51,10
DA:52,10
DA:53,10
DA:54,1
DA:55,1
DA:56,1
DA:57,1
DA:58,1
DA:59,1
DA:60,1
DA:61,1
DA:62,1
DA:63,1
DA:64,1
DA:65,1
DA:66,1
DA:67,1
DA:68,1
DA:69,1
DA:70,1
DA:71,1
DA:72,1
DA:73,1
DA:74,0
DA:75,0
DA:76,0
DA:77,0
DA:78,0
DA:79,0
DA:80,0
DA:81,0
DA:82,0
DA:83,0
DA:84,0
DA:85,0
DA:86,0
DA:87,0
DA:88,0
DA:89,0
DA:90,0
DA:91,0
DA:92,0
DA:93,0
DA:94,0
DA:95,1
DA:96,1
DA:97,2
DA:98,2
DA:99,2
DA:100,2
DA:101,2
DA:102,1
DA:103,1
DA:104,1
DA:105,1
DA:106,1
DA:107,1
DA:108,1
DA:109,1
DA:110,2
DA:111,2
DA:112,2
DA:113,2
DA:114,2
DA:115,2
DA:116,2
DA:117,0
DA:118,0
DA:119,2
DA:120,2
DA:121,1
DA:122,1
DA:123,1
DA:124,1
DA:125,1
DA:126,1
DA:127,1
DA:128,1
DA:129,1
DA:130,1
DA:131,1
DA:132,1
DA:133,1
DA:134,1
DA:135,1
DA:136,1
LF:136
LH:113
BRDA:18,0,0,3
BRDA:22,1,0,3
BRDA:23,2,0,0
BRDA:27,3,0,1
BRDA:33,4,0,10
BRDA:36,5,0,10
BRDA:55,6,0,1
BRDA:58,7,0,1
BRDA:96,8,0,2
BRDA:99,9,0,2
BRDA:102,10,0,1
BRDA:109,11,0,2
BRDA:112,12,0,2
BRDA:116,13,0,0
BRDA:121,14,0,1
BRDA:128,15,0,1
BRDA:131,16,0,1
BRF:17
BRH:15
end_of_record
TN:
SF:src\lib\prisma.ts
FNF:0
FNH:0
DA:1,1
DA:2,1
DA:3,1
DA:4,1
DA:5,1
DA:6,1
DA:7,1
DA:8,1
DA:9,1
LF:9
LH:9
BRF:0
BRH:0
end_of_record
TN:
SF:src\middlewares\validationMiddleware.ts
FN:157,validate
FNF:1
FNH:1
FNDA:31,validate
DA:1,1
DA:2,1
DA:3,1
DA:4,1
DA:5,1
DA:6,1
DA:7,1
DA:8,1
DA:9,1
DA:10,10
DA:11,0
DA:12,0
DA:13,10
DA:14,1
DA:15,1
DA:16,1
DA:17,10
DA:18,0
DA:19,0
DA:20,10
DA:21,1
DA:22,1
DA:23,1
DA:24,1
DA:25,1
DA:26,1
DA:27,1
DA:28,1
DA:29,1
DA:30,1
DA:31,1
DA:32,1
DA:33,1
DA:34,1
DA:35,1
DA:36,1
DA:37,1
DA:38,1
DA:39,1
DA:40,1
DA:41,1
DA:42,1
DA:43,1
DA:44,1
DA:45,1
DA:46,1
DA:47,1
DA:48,1
DA:49,1
DA:50,1
DA:51,1
DA:52,1
DA:53,3
DA:54,3
DA:55,1
DA:56,1
DA:57,1
DA:58,1
DA:59,1
DA:60,1
DA:61,1
DA:62,1
DA:63,1
DA:64,0
DA:65,0
DA:66,1
DA:67,1
DA:68,1
DA:69,1
DA:70,1
DA:71,1
DA:72,1
DA:73,1
DA:74,1
DA:75,1
DA:76,1
DA:77,1
DA:78,1
DA:79,1
DA:80,1
DA:81,1
DA:82,1
DA:83,1
DA:84,1
DA:85,1
DA:86,1
DA:87,1
DA:88,1
DA:89,1
DA:90,1
DA:91,1
DA:92,1
DA:93,1
DA:94,1
DA:95,1
DA:96,1
DA:97,1
DA:98,1
DA:99,1
DA:100,1
DA:101,1
DA:102,1
DA:103,1
DA:104,1
DA:105,1
DA:106,1
DA:107,1
DA:108,1
DA:109,1
DA:110,1
DA:111,1
DA:112,1
DA:113,1
DA:114,1
DA:115,1
DA:116,1
DA:117,0
DA:118,1
DA:119,1
DA:120,1
DA:121,1
DA:122,1
DA:123,1
DA:124,1
DA:125,1
DA:126,1
DA:127,1
DA:128,1
DA:129,1
DA:130,1
DA:131,1
DA:132,1
DA:133,1
DA:134,1
DA:135,1
DA:136,1
DA:137,1
DA:138,1
DA:139,1
DA:140,1
DA:141,1
DA:142,1
DA:143,1
DA:144,1
DA:145,1
DA:146,1
DA:147,1
DA:148,1
DA:149,1
DA:150,1
DA:151,1
DA:152,1
DA:153,1
DA:154,1
DA:155,1
DA:156,1
DA:157,1
DA:158,28
DA:159,28
DA:160,28
DA:161,28
DA:162,28
DA:163,28
DA:164,28
DA:165,28
DA:166,2
DA:167,2
DA:168,2
DA:169,2
DA:170,2
DA:171,2
DA:172,2
DA:173,2
DA:174,2
DA:175,2
DA:176,2
DA:177,2
DA:178,0
DA:179,0
DA:180,2
DA:181,28
LF:181
LH:172
BRDA:9,0,0,10
BRDA:10,1,0,0
BRDA:16,2,0,10
BRDA:17,3,0,0
BRDA:52,4,0,3
BRDA:53,5,0,0
BRDA:157,6,0,31
BRDA:157,7,0,28
BRDA:165,8,0,2
BRDA:177,9,0,0
BRDA:169,10,0,2
BRF:11
BRH:7
end_of_record
TN:
SF:src\repositories\articleRepository.ts
FN:6,findAllArticlesRp
FN:28,findArticleByIdRp
FN:49,createArticleRp
FN:68,updateArticleRp
FN:90,deleteArticleRp
FN:99,findLikeByUserAndArticleIdRp
FN:111,createLikeRp
FN:121,deleteLikeRp
FN:130,findLikedArticleRp
FNF:9
FNH:9
FNDA:3,findAllArticlesRp
FNDA:3,findArticleByIdRp
FNDA:1,createArticleRp
FNDA:1,updateArticleRp
FNDA:1,deleteArticleRp
FNDA:3,findLikeByUserAndArticleIdRp
FNDA:1,createLikeRp
FNDA:1,deleteLikeRp
FNDA:2,findLikedArticleRp
DA:1,1
DA:2,1
DA:3,1
DA:4,1
DA:5,1
DA:6,1
DA:7,3
DA:8,3
DA:9,3
DA:10,3
DA:11,3
DA:12,3
DA:13,3
DA:14,3
DA:15,3
DA:16,3
DA:17,3
DA:18,3
DA:19,3
DA:20,3
DA:21,3
DA:22,3
DA:23,3
DA:24,3
DA:25,3
DA:26,1
DA:27,1
DA:28,1
DA:29,3
DA:30,3
DA:31,3
DA:32,3
DA:33,3
DA:34,3
DA:35,3
DA:36,3
DA:37,3
DA:38,3
DA:39,3
DA:40,3
DA:41,3
DA:42,3
DA:43,3
DA:44,3
DA:45,3
DA:46,3
DA:47,1
DA:48,1
DA:49,1
DA:50,1
DA:51,1
DA:52,1
DA:53,1
DA:54,1
DA:55,1
DA:56,1
DA:57,1
DA:58,1
DA:59,1
DA:60,1
DA:61,1
DA:62,1
DA:63,1
DA:64,1
DA:65,1
DA:66,1
DA:67,1
DA:68,1
DA:69,1
DA:70,1
DA:71,1
DA:72,1
DA:73,1
DA:74,1
DA:75,1
DA:76,1
DA:77,1
DA:78,1
DA:79,1
DA:80,1
DA:81,1
DA:82,1
DA:83,1
DA:84,1
DA:85,1
DA:86,1
DA:87,1
DA:88,1
DA:89,1
DA:90,1
DA:91,1
DA:92,1
DA:93,1
DA:94,1
DA:95,1
DA:96,1
DA:97,1
DA:98,1
DA:99,1
DA:100,3
DA:101,3
DA:102,3
DA:103,3
DA:104,3
DA:105,3
DA:106,3
DA:107,3
DA:108,3
DA:109,1
DA:110,1
DA:111,1
DA:112,1
DA:113,1
DA:114,1
DA:115,1
DA:116,1
DA:117,1
DA:118,1
DA:119,1
DA:120,1
DA:121,1
DA:122,1
DA:123,1
DA:124,1
DA:125,1
DA:126,1
DA:127,1
DA:128,1
DA:129,1
DA:130,1
DA:131,2
DA:132,2
DA:133,2
DA:134,2
DA:135,2
DA:136,2
DA:137,2
DA:138,2
DA:139,2
LF:139
LH:139
BRDA:6,0,0,3
BRDA:6,1,0,3
BRDA:28,2,0,3
BRDA:28,3,0,3
BRDA:49,4,0,1
BRDA:49,5,0,1
BRDA:68,6,0,1
BRDA:68,7,0,1
BRDA:90,8,0,1
BRDA:90,9,0,1
BRDA:99,10,0,3
BRDA:99,11,0,3
BRDA:111,12,0,1
BRDA:111,13,0,1
BRDA:121,14,0,1
BRDA:121,15,0,1
BRDA:130,16,0,2
BRDA:130,17,0,2
BRF:18
BRH:18
end_of_record
TN:
SF:src\repositories\productRepository.ts
FN:6,findAllProductsWithDetailsRp
FN:28,createProductRp
FN:47,findProductByIdRp
FN:66,updateProductRp
FN:86,deleteProductRp
FN:93,findUniqueProductLikeRp
FN:105,deleteProductLikeRp
FN:112,createProductLikeRp
FN:119,findLikedProductRp
FN:131,getProductPriceByIdRp
FN:139,getLikedUsersByProductId
FNF:11
FNH:11
FNDA:3,findAllProductsWithDetailsRp
FNDA:1,createProductRp
FNDA:3,findProductByIdRp
FNDA:1,updateProductRp
FNDA:1,deleteProductRp
FNDA:3,findUniqueProductLikeRp
FNDA:1,deleteProductLikeRp
FNDA:1,createProductLikeRp
FNDA:2,findLikedProductRp
FNDA:1,getProductPriceByIdRp
FNDA:1,getLikedUsersByProductId
DA:1,1
DA:2,1
DA:3,1
DA:4,1
DA:5,1
DA:6,1
DA:7,3
DA:8,3
DA:9,3
DA:10,3
DA:11,3
DA:12,3
DA:13,3
DA:14,3
DA:15,3
DA:16,3
DA:17,3
DA:18,3
DA:19,3
DA:20,3
DA:21,3
DA:22,3
DA:23,3
DA:24,3
DA:25,3
DA:26,1
DA:27,1
DA:28,1
DA:29,1
DA:30,1
DA:31,1
DA:32,1
DA:33,1
DA:34,1
DA:35,1
DA:36,1
DA:37,1
DA:38,1
DA:39,1
DA:40,1
DA:41,1
DA:42,1
DA:43,1
DA:44,1
DA:45,1
DA:46,1
DA:47,1
DA:48,3
DA:49,3
DA:50,3
DA:51,3
DA:52,3
DA:53,3
DA:54,3
DA:55,3
DA:56,3
DA:57,3
DA:58,3
DA:59,3
DA:60,3
DA:61,3
DA:62,3
DA:63,3
DA:64,1
DA:65,1
DA:66,1
DA:67,1
DA:68,1
DA:69,1
DA:70,1
DA:71,1
DA:72,1
DA:73,1
DA:74,1
DA:75,1
DA:76,1
DA:77,1
DA:78,1
DA:79,1
DA:80,1
DA:81,1
DA:82,1
DA:83,1
DA:84,1
DA:85,1
DA:86,1
DA:87,1
DA:88,1
DA:89,1
DA:90,1
DA:91,1
DA:92,1
DA:93,1
DA:94,3
DA:95,3
DA:96,3
DA:97,3
DA:98,3
DA:99,3
DA:100,3
DA:101,3
DA:102,3
DA:103,1
DA:104,1
DA:105,1
DA:106,1
DA:107,1
DA:108,1
DA:109,1
DA:110,1
DA:111,1
DA:112,1
DA:113,1
DA:114,1
DA:115,1
DA:116,1
DA:117,1
DA:118,1
DA:119,1
DA:120,2
DA:121,2
DA:122,2
DA:123,2
DA:124,2
DA:125,2
DA:126,2
DA:127,2
DA:128,2
DA:129,2
DA:130,1
DA:131,1
DA:132,1
DA:133,1
DA:134,1
DA:135,1
DA:136,1
DA:137,1
DA:138,1
DA:139,1
DA:140,1
DA:141,1
DA:142,1
DA:143,1
DA:144,1
DA:145,1
DA:146,1
DA:147,1
DA:148,1
DA:149,1
DA:150,1
DA:151,1
LF:151
LH:151
BRDA:6,0,0,3
BRDA:6,1,0,3
BRDA:28,2,0,1
BRDA:28,3,0,1
BRDA:47,4,0,3
BRDA:47,5,0,3
BRDA:66,6,0,1
BRDA:66,7,0,1
BRDA:86,8,0,1
BRDA:86,9,0,1
BRDA:93,10,0,3
BRDA:93,11,0,3
BRDA:105,12,0,1
BRDA:105,13,0,1
BRDA:112,14,0,1
BRDA:112,15,0,1
BRDA:119,16,0,2
BRDA:119,17,0,2
BRDA:131,18,0,1
BRDA:131,19,0,1
BRDA:136,20,0,0
BRDA:136,21,0,0
BRDA:139,22,0,1
BRDA:139,23,0,1
BRDA:150,24,0,1
BRF:25
BRH:23
end_of_record
TN:
SF:src\repositories\userRepository.ts
FN:5,findFirstUserRp
FN:13,createUserRp
FN:28,findUserByEmailRp
FN:35,findUserProfileByIdRp
FN:50,updateUserProfileRp
FN:67,updateUserTokenRp
FN:78,findUserTokenByIdRp
FN:91,deleteUserRp
FNF:8
FNH:7
FNDA:5,findFirstUserRp
FNDA:1,createUserRp
FNDA:10,findUserByEmailRp
FNDA:2,findUserProfileByIdRp
FNDA:1,updateUserProfileRp
FNDA:10,updateUserTokenRp
FNDA:0,findUserTokenByIdRp
FNDA:1,deleteUserRp
DA:1,1
DA:2,1
DA:3,1
DA:4,1
DA:5,1
DA:6,5
DA:7,5
DA:8,5
DA:9,5
DA:10,5
DA:11,1
DA:12,1
DA:13,1
DA:14,1
DA:15,1
DA:16,1
DA:17,1
DA:18,1
DA:19,1
DA:20,1
DA:21,1
DA:22,1
DA:23,1
DA:24,1
DA:25,1
DA:26,1
DA:27,1
DA:28,1
DA:29,10
DA:30,10
DA:31,10
DA:32,10
DA:33,1
DA:34,1
DA:35,1
DA:36,2
DA:37,2
DA:38,2
DA:39,2
DA:40,2
DA:41,2
DA:42,2
DA:43,2
DA:44,2
DA:45,2
DA:46,2
DA:47,2
DA:48,2
DA:49,1
DA:50,1
DA:51,1
DA:52,1
DA:53,1
DA:54,1
DA:55,1
DA:56,1
DA:57,1
DA:58,1
DA:59,1
DA:60,1
DA:61,1
DA:62,1
DA:63,1
DA:64,1
DA:65,1
DA:66,1
DA:67,1
DA:68,10
DA:69,10
DA:70,10
DA:71,10
DA:72,10
DA:73,10
DA:74,10
DA:75,10
DA:76,1
DA:77,1
DA:78,1
DA:79,0
DA:80,0
DA:81,0
DA:82,0
DA:83,0
DA:84,0
DA:85,0
DA:86,0
DA:87,0
DA:88,0
DA:89,1
DA:90,1
DA:91,1
DA:92,1
DA:93,1
DA:94,1
DA:95,1
DA:96,1
DA:97,1
DA:98,1
DA:99,1
DA:100,1
LF:100
LH:90
BRDA:5,0,0,5
BRDA:6,1,0,5
BRDA:13,2,0,1
BRDA:14,3,0,1
BRDA:28,4,0,10
BRDA:28,5,0,10
BRDA:35,6,0,2
BRDA:35,7,0,2
BRDA:50,8,0,1
BRDA:50,9,0,1
BRDA:67,10,0,10
BRDA:67,11,0,10
BRDA:91,12,0,1
BRDA:91,13,0,1
BRF:14
BRH:14
end_of_record
TN:
SF:src\routes\articleRouter.ts
FNF:0
FNH:0
DA:1,1
DA:2,1
DA:3,1
DA:4,1
DA:5,1
DA:6,1
DA:7,1
DA:8,1
DA:9,1
DA:10,1
DA:11,1
DA:12,1
DA:13,1
DA:14,1
DA:15,1
DA:16,1
DA:17,1
DA:18,1
DA:19,1
DA:20,1
DA:21,1
DA:22,1
DA:23,1
DA:24,1
DA:25,1
DA:26,1
DA:27,1
DA:28,1
DA:29,1
DA:30,1
DA:31,1
DA:32,1
DA:33,1
DA:34,1
DA:35,1
DA:36,1
DA:37,1
DA:38,1
DA:39,1
DA:40,1
DA:41,1
DA:42,1
DA:43,1
DA:44,1
DA:45,1
DA:46,1
DA:47,1
DA:48,1
DA:49,1
DA:50,1
DA:51,1
DA:52,1
DA:53,1
DA:54,1
DA:55,1
DA:56,1
DA:57,1
DA:58,1
DA:59,1
DA:60,1
DA:61,1
DA:62,1
DA:63,1
DA:64,1
DA:65,1
DA:66,1
DA:67,1
DA:68,1
DA:69,1
DA:70,1
DA:71,1
DA:72,1
DA:73,1
DA:74,1
DA:75,1
LF:75
LH:75
BRF:0
BRH:0
end_of_record
TN:
SF:src\routes\productRouter.ts
FNF:0
FNH:0
DA:1,1
DA:2,1
DA:3,1
DA:4,1
DA:5,1
DA:6,1
DA:7,1
DA:8,1
DA:9,1
DA:10,1
DA:11,1
DA:12,1
DA:13,1
DA:14,1
DA:15,1
DA:16,1
DA:17,1
DA:18,1
DA:19,1
DA:20,1
DA:21,1
DA:22,1
DA:23,1
DA:24,1
DA:25,1
DA:26,1
DA:27,1
DA:28,1
DA:29,1
DA:30,1
DA:31,1
DA:32,1
DA:33,1
DA:34,1
DA:35,1
DA:36,1
DA:37,1
DA:38,1
DA:39,1
DA:40,1
DA:41,1
DA:42,1
DA:43,1
DA:44,1
DA:45,1
DA:46,1
DA:47,1
DA:48,1
DA:49,1
DA:50,1
DA:51,1
DA:52,1
DA:53,1
DA:54,1
DA:55,1
DA:56,1
DA:57,1
DA:58,1
DA:59,1
DA:60,1
DA:61,1
DA:62,1
DA:63,1
DA:64,1
DA:65,1
DA:66,1
DA:67,1
LF:67
LH:67
BRF:0
BRH:0
end_of_record
TN:
SF:src\routes\userRouter.ts
FNF:0
FNH:0
DA:1,1
DA:2,1
DA:3,1
DA:4,1
DA:5,1
DA:6,1
DA:7,1
DA:8,1
DA:9,1
DA:10,1
DA:11,1
DA:12,1
DA:13,1
DA:14,1
DA:15,1
DA:16,1
DA:17,1
DA:18,1
DA:19,1
DA:20,1
DA:21,1
DA:22,1
DA:23,1
DA:24,1
DA:25,1
DA:26,1
DA:27,1
DA:28,1
DA:29,1
DA:30,1
DA:31,1
DA:32,1
DA:33,1
DA:34,1
DA:35,1
DA:36,1
DA:37,1
DA:38,1
DA:39,1
DA:40,1
DA:41,1
DA:42,1
DA:43,1
DA:44,1
DA:45,1
DA:46,1
DA:47,1
DA:48,1
DA:49,1
DA:50,1
DA:51,1
DA:52,1
DA:53,1
DA:54,1
DA:55,1
DA:56,1
DA:57,1
DA:58,1
DA:59,1
DA:60,1
DA:61,1
DA:62,1
DA:63,1
DA:64,1
DA:65,1
DA:66,1
DA:67,1
DA:68,1
LF:68
LH:68
BRF:0
BRH:0
end_of_record
TN:
SF:src\services\articleService.ts
FN:9,findAllArticles
FN:18,findArticleById
FN:39,createArticle
FN:45,updateArticle
FN:58,deleteArticle
FN:66,toggleArticleLike
FN:79,findLikedArticle
FNF:7
FNH:7
FNDA:3,findAllArticles
FNDA:3,findArticleById
FNDA:1,createArticle
FNDA:3,updateArticle
FNDA:1,deleteArticle
FNDA:2,toggleArticleLike
FNDA:2,findLikedArticle
DA:1,1
DA:2,1
DA:3,1
DA:4,1
DA:5,1
DA:6,1
DA:7,1
DA:8,1
DA:9,1
DA:10,3
DA:11,3
DA:12,3
DA:13,3
DA:14,3
DA:15,3
DA:16,1
DA:17,1
DA:18,1
DA:19,3
DA:20,3
DA:21,3
DA:22,1
DA:23,1
DA:24,2
DA:25,2
DA:26,3
DA:27,1
DA:28,1
DA:29,1
DA:30,1
DA:31,1
DA:32,1
DA:33,2
DA:34,2
DA:35,2
DA:36,2
DA:37,1
DA:38,1
DA:39,1
DA:40,1
DA:41,1
DA:42,1
DA:43,1
DA:44,1
DA:45,1
DA:46,3
DA:47,3
DA:48,3
DA:49,3
DA:50,3
DA:51,1
DA:52,1
DA:53,1
DA:54,1
DA:55,1
DA:56,1
DA:57,1
DA:58,1
DA:59,1
DA:60,1
DA:61,1
DA:62,1
DA:63,1
DA:64,1
DA:65,1
DA:66,1
DA:67,2
DA:68,2
DA:69,2
DA:70,1
DA:71,1
DA:72,1
DA:73,1
DA:74,1
DA:75,1
DA:76,2
DA:77,1
DA:78,1
DA:79,1
DA:80,2
DA:81,2
DA:82,1
DA:83,1
DA:84,1
DA:85,1
DA:86,1
LF:86
LH:86
BRDA:9,0,0,3
BRDA:9,1,0,3
BRDA:14,2,0,6
BRDA:18,3,0,3
BRDA:18,4,0,3
BRDA:21,5,0,1
BRDA:24,6,0,2
BRDA:26,7,0,1
BRDA:33,8,0,2
BRDA:39,9,0,1
BRDA:39,10,0,1
BRDA:45,11,0,3
BRDA:49,12,0,3
BRDA:51,13,0,1
BRDA:58,14,0,1
BRDA:58,15,0,1
BRDA:66,16,0,2
BRDA:66,17,0,2
BRDA:69,18,0,1
BRDA:79,19,0,2
BRDA:79,20,0,2
BRDA:81,21,0,1
BRDA:84,22,0,1
BRF:23
BRH:23
end_of_record
TN:
SF:src\services\productService.ts
FN:19,findAllProducts
FN:28,createProduct
FN:35,findProductById
FN:59,updateProduct
FN:90,deleteProduct
FN:98,toggleProductLike
FN:114,findLikedProductByUserId
FNF:7
FNH:7
FNDA:3,findAllProducts
FNDA:1,createProduct
FNDA:3,findProductById
FNDA:2,updateProduct
FNDA:2,deleteProduct
FNDA:2,toggleProductLike
FNDA:2,findLikedProductByUserId
DA:1,1
DA:2,1
DA:3,1
DA:4,1
DA:5,1
DA:6,1
DA:7,1
DA:8,1
DA:9,1
DA:10,1
DA:11,1
DA:12,1
DA:13,1
DA:14,1
DA:15,1
DA:16,1
DA:17,1
DA:18,1
DA:19,1
DA:20,3
DA:21,3
DA:22,3
DA:23,3
DA:24,3
DA:25,3
DA:26,1
DA:27,1
DA:28,1
DA:29,1
DA:30,1
DA:31,1
DA:32,1
DA:33,1
DA:34,1
DA:35,1
DA:36,3
DA:37,3
DA:38,3
DA:39,3
DA:40,3
DA:41,3
DA:42,1
DA:43,1
DA:44,2
DA:45,2
DA:46,3
DA:47,1
DA:48,1
DA:49,1
DA:50,1
DA:51,1
DA:52,1
DA:53,2
DA:54,2
DA:55,2
DA:56,2
DA:57,1
DA:58,1
DA:59,1
DA:60,2
DA:61,2
DA:62,2
DA:63,2
DA:64,2
DA:65,1
DA:66,1
DA:67,1
DA:68,1
DA:69,1
DA:70,2
DA:71,1
DA:72,1
DA:73,1
DA:74,1
DA:75,1
DA:76,1
DA:77,1
DA:78,1
DA:79,1
DA:80,1
DA:81,1
DA:82,1
DA:83,1
DA:84,1
DA:85,1
DA:86,1
DA:87,1
DA:88,1
DA:89,1
DA:90,1
DA:91,2
DA:92,1
DA:93,1
DA:94,1
DA:95,1
DA:96,1
DA:97,1
DA:98,1
DA:99,2
DA:100,2
DA:101,2
DA:102,2
DA:103,2
DA:104,2
DA:105,1
DA:106,1
DA:107,1
DA:108,1
DA:109,1
DA:110,1
DA:111,2
DA:112,1
DA:113,1
DA:114,1
DA:115,2
DA:116,2
DA:117,1
DA:118,1
DA:119,1
DA:120,1
DA:121,1
LF:121
LH:121
BRDA:19,0,0,3
BRDA:19,1,0,3
BRDA:24,2,0,9
BRDA:28,3,0,1
BRDA:28,4,0,1
BRDA:35,5,0,3
BRDA:38,6,0,3
BRDA:41,7,0,1
BRDA:44,8,0,2
BRDA:46,9,0,1
BRDA:53,10,0,2
BRDA:59,11,0,2
BRDA:63,12,0,2
BRDA:65,13,0,1
BRDA:70,14,0,1
BRDA:80,15,0,1
BRDA:90,16,0,2
BRDA:90,17,0,2
BRDA:92,18,0,1
BRDA:98,19,0,2
BRDA:98,20,0,2
BRDA:104,21,0,1
BRDA:114,22,0,2
BRDA:114,23,0,2
BRDA:116,24,0,1
BRDA:119,25,0,1
BRF:26
BRH:26
end_of_record
TN:
SF:src\services\realtimeNotificationService.ts
FN:6,sendRealtimeNotification
FNF:1
FNH:1
FNDA:1,sendRealtimeNotification
DA:1,1
DA:2,1
DA:3,1
DA:4,1
DA:5,1
DA:6,1
DA:7,1
DA:8,1
DA:9,1
DA:10,1
DA:11,1
DA:12,1
DA:13,1
DA:14,1
DA:15,1
DA:16,1
DA:17,1
DA:18,1
DA:19,0
DA:20,0
DA:21,1
LF:21
LH:19
BRDA:6,0,0,1
BRDA:9,1,0,1
BRDA:18,2,0,0
BRF:3
BRH:2
end_of_record
TN:
SF:src\services\userService.ts
FN:18,createUser
FN:49,loginUser
FN:78,logoutUser
FN:89,refreshUserToken
FN:108,getMyProfile
FN:117,updateUser
FN:142,deleteMyProfile
FNF:7
FNH:6
FNDA:3,createUser
FNDA:10,loginUser
FNDA:1,logoutUser
FNDA:0,refreshUserToken
FNDA:2,getMyProfile
FNDA:2,updateUser
FNDA:1,deleteMyProfile
DA:1,1
DA:2,1
DA:3,1
DA:4,1
DA:5,1
DA:6,1
DA:7,1
DA:8,1
DA:9,1
DA:10,1
DA:11,1
DA:12,1
DA:13,1
DA:14,1
DA:15,1
DA:16,1
DA:17,1
DA:18,1
DA:19,3
DA:20,3
DA:21,3
DA:22,3
DA:23,2
DA:24,1
DA:25,1
DA:26,1
DA:27,1
DA:28,1
DA:29,1
DA:30,1
DA:31,1
DA:32,1
DA:33,1
DA:34,1
DA:35,1
DA:36,2
DA:37,1
DA:38,1
DA:39,1
DA:40,1
DA:41,1
DA:42,1
DA:43,1
DA:44,1
DA:45,1
DA:46,1
DA:47,1
DA:48,1
DA:49,1
DA:50,10
DA:51,10
DA:52,0
DA:53,0
DA:54,10
DA:55,10
DA:56,10
DA:57,0
DA:58,0
DA:59,10
DA:60,10
DA:61,10
DA:62,10
DA:63,10
DA:64,10
DA:65,10
DA:66,10
DA:67,10
DA:68,10
DA:69,10
DA:70,10
DA:71,10
DA:72,10
DA:73,10
DA:74,10
DA:75,10
DA:76,1
DA:77,1
DA:78,1
DA:79,1
DA:80,1
DA:81,1
DA:82,0
DA:83,0
DA:84,1
DA:85,1
DA:86,1
DA:87,1
DA:88,1
DA:89,1
DA:90,0
DA:91,0
DA:92,0
DA:93,0
DA:94,0
DA:95,0
DA:96,0
DA:97,0
DA:98,0
DA:99,0
DA:100,0
DA:101,0
DA:102,0
DA:103,0
DA:104,0
DA:105,0
DA:106,1
DA:107,1
DA:108,1
DA:109,2
DA:110,2
DA:111,1
DA:112,1
DA:113,1
DA:114,1
DA:115,1
DA:116,1
DA:117,1
DA:118,2
DA:119,2
DA:120,2
DA:121,2
DA:122,1
DA:123,1
DA:124,2
DA:125,1
DA:126,2
DA:127,0
DA:128,0
DA:129,0
DA:130,0
DA:131,0
DA:132,1
DA:133,2
DA:134,0
DA:135,0
DA:136,1
DA:137,1
DA:138,1
DA:139,1
DA:140,1
DA:141,1
DA:142,1
DA:143,1
DA:144,1
DA:145,1
LF:145
LH:116
BRDA:18,0,0,3
BRDA:18,1,0,3
BRDA:22,2,0,2
BRDA:23,3,0,1
BRDA:37,4,0,1
BRDA:49,5,0,10
BRDA:49,6,0,10
BRDA:51,7,0,0
BRDA:56,8,0,0
BRDA:78,9,0,1
BRDA:78,10,0,1
BRDA:81,11,0,0
BRDA:108,12,0,2
BRDA:108,13,0,2
BRDA:110,14,0,1
BRDA:117,15,0,2
BRDA:117,16,0,2
BRDA:121,17,0,1
BRDA:121,18,0,1
BRDA:121,19,0,1
BRDA:125,20,0,1
BRDA:126,21,0,0
BRDA:132,22,0,1
BRDA:133,23,0,0
BRDA:136,24,0,1
BRDA:142,25,0,1
BRDA:142,26,0,1
BRF:27
BRH:22
end_of_record
TN:
SF:src\utils\asyncHandler.ts
FN:4,asyncHandler
FNF:1
FNH:1
FNDA:32,asyncHandler
DA:1,1
DA:2,1
DA:3,1
DA:4,1
DA:5,32
DA:6,32
DA:7,32
DA:8,25
DA:9,25
DA:10,25
DA:11,4
DA:12,4
DA:13,25
DA:14,32
DA:15,1
DA:16,1
LF:16
LH:16
BRDA:4,0,0,32
BRDA:7,1,0,25
BRDA:7,2,0,25
BRDA:10,3,0,21
BRDA:10,4,0,4
BRF:5
BRH:5
end_of_record
TN:
SF:src\utils\jwt.ts
FN:4,createToken
FNF:1
FNH:1
FNDA:20,createToken
DA:1,1
DA:2,1
DA:3,1
DA:4,1
DA:5,20
DA:6,20
DA:7,20
DA:8,20
DA:9,20
DA:10,10
DA:11,10
DA:12,10
DA:13,10
DA:14,10
DA:15,10
DA:16,0
DA:17,0
DA:18,20
DA:19,20
DA:20,20
DA:21,20
DA:22,20
LF:22
LH:20
BRDA:4,0,0,20
BRDA:9,1,0,10
BRDA:15,2,0,0
BRF:3
BRH:2
end_of_record
TN:
SF:src\utils\responseHelpers.ts
FN:8,processFindManyArgs
FN:27,processResponse
FNF:2
FNH:2
FNDA:3,processFindManyArgs
FNDA:10,processResponse
DA:1,1
DA:2,1
DA:3,1
DA:4,1
DA:5,1
DA:6,1
DA:7,1
DA:8,1
DA:9,3
DA:10,3
DA:11,3
DA:12,3
DA:13,3
DA:14,3
DA:15,3
DA:16,3
DA:17,0
DA:18,3
DA:19,3
DA:20,3
DA:21,3
DA:22,3
DA:23,3
DA:24,3
DA:25,1
DA:26,1
DA:27,1
DA:28,10
DA:29,10
DA:30,10
DA:31,10
DA:32,10
DA:33,10
DA:34,10
DA:35,10
DA:36,10
DA:37,10
DA:38,10
DA:39,10
DA:40,10
DA:41,10
DA:42,10
LF:42
LH:41
BRDA:8,0,0,3
BRDA:16,1,0,0
BRDA:27,2,0,10
BRDA:40,3,0,2
BRDA:40,4,0,8
BRF:5
BRH:4
end_of_record
